GROUP,PACKAGE,CLASS,INSTRUCTION_MISSED,INSTRUCTION_COVERED,BRANCH_MISSED,BRANCH_COVERED,LINE_MISSED,LINE_COVERED,COMPLEXITY_MISSED,COMPLEXITY_COVERED,METHOD_MISSED,METHOD_COVERED
rokcc,shrunken.rokcc.sim,TroopType,44,0,0,0,1,0,1,0,1,0
rokcc,shrunken.rokcc.sim,Buffs,348,0,0,0,71,0,36,0,36,0
rokcc,shrunken.rokcc.sim,Troop,27,0,0,0,10,0,5,0,5,0
rokcc,shrunken.rokcc.sim,App,7,0,0,0,3,0,2,0,2,0
rokcc,shrunken.rokcc.sim,Commander,9,0,0,0,4,0,1,0,1,0
rokcc,shrunken.rokcc.sim,March,3,0,0,0,2,0,1,0,1,0
rokcc,shrunken.rokcc.sim,SkillComponent,38,0,0,0,11,0,11,0,11,0
